<?xml version="1.0" encoding="UTF-8" ?>
<testsuite errors="0" failures="0" hostname="Flavio-PCW" name="Authentication Process" tests="10" time="35.058" timestamp="2013-03-10T00:54:24">
  <properties />
  <testcase classname="grails.plugin.cucumber.CucumberTest" name="" time="7.814" />
  <testcase classname="grails.plugin.cucumber.CucumberTest" name="" time="0.957" />
  <testcase classname="grails.plugin.cucumber.CucumberTest" name="" time="6.442" />
  <testcase classname="grails.plugin.cucumber.CucumberTest" name="" time="4.905" />
  <testcase classname="grails.plugin.cucumber.CucumberTest" name="" time="0.993" />
  <testcase classname="grails.plugin.cucumber.CucumberTest" name="" time="0.205" />
  <testcase classname="grails.plugin.cucumber.CucumberTest" name="" time="0.24" />
  <testcase classname="grails.plugin.cucumber.CucumberTest" name="" time="1.695" />
  <testcase classname="grails.plugin.cucumber.CucumberTest" name="" time="3.316" />
  <testcase classname="grails.plugin.cucumber.CucumberTest" name="" time="8.312" />
  <system-out><![CDATA[Feature: Authentication Process
  As a registered member in the system
  I want to have access to all of its internal features, which are only accessible after a successful login procedure

--Output from --
  #Issue#73 - Informar erro ao submeter username inexistente, na tela de Login
  Scenario:                                              # Authentication.feature:7
    Given I am at the Login Page                         # AuthenticationSteps.groovy:45
    When I try to login with an user that does not exist # AuthenticationSteps.groovy:72
    Then I am redirected to the Login Page               # AuthenticationSteps.groovy:32
    And A login failure message is displayed             # AuthenticationSteps.groovy:78

--Output from --
  #Issue#66 - Informar erro ao submeter usuário com senha inválida, na tela de Login
  Scenario:                                                               # Authentication.feature:15
    Given I am at the Login Page                                          # AuthenticationSteps.groovy:45
ENTROU no signIn
Enabled == true    When I try to login with an existent user, though with wrong password # AuthenticationSteps.groovy:75
    Then I am redirected to the Login Page                                # AuthenticationSteps.groovy:32
    And A login failure message is displayed                              # AuthenticationSteps.groovy:78

--Output from --
  #Issue#63 - Informar quando um usuário é cadastrado com sucesso
  Scenario:                                                                     # Authentication.feature:23
ENTROU no registerparams NULL    Given I am at the User Register Page                                        # AuthenticationSteps.groovy:49
user: null
validate: null
errors: null
ENTROU no register    When I register a user with success                                         # AuthenticationSteps.groovy:83
    And I am redirected to the User Register Page                               # AuthenticationSteps.groovy:35
    Then A message indicating the user was successfully registered is displayed # AuthenticationSteps.groovy:86

--Output from --
  #Issue#69 - Informar quando tentar cadastrar novo usuário com e-mail inválido
  Scenario:                                                                        # Authentication.feature:31
    Given I am at the Login Page                                                   # AuthenticationSteps.groovy:45
ENTROU no registerparams NULL    When I try to create a "newuser" username with the "invalid email abcde" email # AuthenticationSteps.groovy:106
ENTROU no registergrails.validation.ValidationErrors: 1 errors
Field error in object 'rgms.member.Member' on field 'email': rejected value [invalid email abcde]; codes [rgms.member.Member.email.email.error.rgms.member.Member.email,rgms.member.Member.email.email.error.email,rgms.member.Member.email.email.error.java.lang.String,rgms.member.Member.email.email.error,member.email.email.error.rgms.member.Member.email,member.email.email.error.email,member.email.email.error.java.lang.String,member.email.email.error,rgms.member.Member.email.email.invalid.rgms.member.Member.email,rgms.member.Member.email.email.invalid.email,rgms.member.Member.email.email.invalid.java.lang.String,rgms.member.Member.email.email.invalid,member.email.email.invalid.rgms.member.Member.email,member.email.email.invalid.email,member.email.email.invalid.java.lang.String,member.email.email.invalid,email.invalid.rgms.member.Member.email,email.invalid.email,email.invalid.java.lang.String,email.invalid]; arguments [email,class rgms.member.Member,invalid email abcde]; default message [O campo [{0}] da classe [{1}] com o valor [{2}] não é um endereço de email válido.]
    Then A message indicating the email is invalid is displayed                    # AuthenticationSteps.groovy:118

--Output from --
  #Issue#67 - Durante o login, ao errar o password de um usuário existente, cuja conta ainda não foi liberada pelo
  #administrador, redirecionar à Tela de login e exibir uma mensagem de 'usuário ou senha inválida'
  Scenario:                                                     # Authentication.feature:39
    Given I am at the Login Page                                # AuthenticationSteps.groovy:45
    And The user of "naoHabilitado" username is not yet enabled # AuthenticationSteps.groovy:91
ENTROU no signIn
Enabled == false    When I miss the password for "naoHabilitado" username       # AuthenticationSteps.groovy:101
    Then I am redirected to the Login Page                      # AuthenticationSteps.groovy:32
    And A login failure message is displayed                    # AuthenticationSteps.groovy:78

--Output from --
  #Issue#86 - Duas telas diferentes de login existentes durante a navegação: uma 'oficial', acessada pelo caminho auth/login, e outra
  #encontrada no caminho raiz '/' da aplicação
  Scenario:                                     # Authentication.feature:50
    Given I am not logged                       # AuthenticationSteps.groovy:161
    When I directly access the Member List Page # AuthenticationSteps.groovy:41
    Then I am redirected to the Login Page      # AuthenticationSteps.groovy:32

--Output from --
  Scenario:                                # Authentication.feature:55
    Given I am not logged                  # AuthenticationSteps.groovy:161
    When I access the Root Page            # AuthenticationSteps.groovy:38
    Then I am redirected to the Login Page # AuthenticationSteps.groovy:32

--Output from --
  #Issue#9 - Preencher com valores default campos de formulários quando relevante
  Scenario:                                                                    # Authentication.feature:62
    Given I am at the Login Page                                               # AuthenticationSteps.groovy:45
ENTROU no registerparams NULL    When I click the "Create an account" link                                  # AuthenticationSteps.groovy:62
    Then I am redirected to the User Register Page                             # AuthenticationSteps.groovy:35
    And The University field is filled with "Federal University of Pernambuco" # AuthenticationSteps.groovy:125

--Output from --
  #Issue#76 - Usuário é direcionado para tela de login repetidas vezes
  Scenario:                                            # Authentication.feature:70
ENTROU no signIn
Enabled == trueENTROU NO TRYJefferson Almeida    Given I am at the Member Listagem page             # AuthenticationSteps.groovy:53
    When I select the "Principal" menu option          # AuthenticationSteps.groovy:65
    Then I am redirected to the Publications Menu page # AuthenticationSteps.groovy:29

--Output from --
  #Issue#65 - Ao tentar realizar cadastro de usuário com dado inválido o form de cadastro deve ser retornado com os
  #dados previamente preenchidos
  Scenario:                                                           # Authentication.feature:78
    Given I am at the Login Page                                      # AuthenticationSteps.groovy:45
ENTROU no registerparams NULL    When I click the "Create an account" link                         # AuthenticationSteps.groovy:62
    And I am redirected to the User Register Page                     # AuthenticationSteps.groovy:35
    And I mistype my password at the second password field            # AuthenticationSteps.groovy:130
    And I fill my remaining user data                                 # AuthenticationSteps.groovy:135
ENTROU no register    And I submit the form                                             # AuthenticationSteps.groovy:68
    Then I am redirected to the User Register Page                    # AuthenticationSteps.groovy:35
    And The password fields are empty                                 # AuthenticationSteps.groovy:143
    And My remaining user data is still at their corresponding fields # AuthenticationSteps.groovy:149
]]></system-out>
  <system-err><![CDATA[
--Output from --Started ChromeDriver
port=29402
version=26.0.1383.0
log=C:\Users\Flavio\gitprojects\rgmsNew\rgmsmerge\rgmsmerge\chromedriver.log

--Output from --
--Output from --
--Output from --
--Output from --
--Output from --
--Output from --
--Output from --
--Output from --
--Output from --]]></system-err>
</testsuite>
